2024-07-07 19:12:43,410 - TestXperbotlogin - INFO - Test Started
2024-07-07 19:12:43,410 - TestXperbotlogin - INFO - Sent Driver
2024-07-07 19:13:54,506 - TestXperbotlogin - INFO - Test Started
2024-07-07 19:13:54,506 - TestXperbotlogin - INFO - Sent Driver
2024-07-07 19:14:46,372 - TestXperbotlogin - INFO - Test Started
2024-07-07 19:14:46,377 - TestXperbotlogin - INFO - Sent Driver
2024-07-07 19:15:49,079 - TestXperbotlogin - INFO - Test Started
2024-07-07 19:15:49,079 - TestXperbotlogin - INFO - Sent Driver
2024-07-07 19:15:49,100 - Xpertbbotlogin - INFO - Location email
2024-07-07 19:16:36,223 - TestXperbotlogin - INFO - Test Started
2024-07-07 19:16:36,224 - TestXperbotlogin - INFO - Sent Driver
2024-07-07 19:16:36,242 - Xpertbbotlogin - INFO - Location email
2024-07-07 19:16:37,275 - Xpertbbotlogin - INFO - Sent username
2024-07-07 19:17:05,622 - TestXperbotlogin - INFO - Test Started
2024-07-07 19:17:05,622 - TestXperbotlogin - INFO - Sent Driver
2024-07-07 19:17:05,622 - Xpertbbotlogin - INFO - Location email
2024-07-07 19:17:06,768 - Xpertbbotlogin - INFO - Sent username
2024-07-07 19:17:12,606 - TestXperbotlogin - INFO - Sent Data
2024-07-07 19:21:08,027 - TestXperbotlogin - INFO - Test Started
2024-07-07 19:21:08,029 - TestXperbotlogin - INFO - Sent Driver
2024-07-07 19:21:08,043 - Xpertbbotlogin - INFO - Location email
2024-07-07 19:21:09,769 - Xpertbbotlogin - INFO - Sent username
2024-07-07 19:21:24,055 - TestXperbotlogin - INFO - Sent Data
2024-07-07 19:21:24,075 - TestXperbotlogin - INFO - Test Started
2024-07-07 19:21:24,075 - TestXperbotlogin - INFO - Sent Driver
2024-07-07 19:21:24,091 - Xpertbbotlogin - INFO - Location email
2024-07-07 19:21:24,091 - Xpertbbotlogin - INFO - Location email
2024-07-07 19:21:24,856 - Xpertbbotlogin - INFO - Sent username
2024-07-07 19:21:24,856 - Xpertbbotlogin - INFO - Sent username
2024-07-07 19:21:29,326 - TestXperbotlogin - INFO - Test Started
2024-07-07 19:21:29,326 - TestXperbotlogin - INFO - Sent Driver
2024-07-07 19:21:29,337 - Xpertbbotlogin - INFO - Location email
2024-07-07 19:21:29,337 - Xpertbbotlogin - INFO - Location email
2024-07-07 19:21:29,337 - Xpertbbotlogin - INFO - Location email
2024-07-07 19:21:30,339 - Xpertbbotlogin - INFO - Sent username
2024-07-07 19:21:30,339 - Xpertbbotlogin - INFO - Sent username
2024-07-07 19:21:30,339 - Xpertbbotlogin - INFO - Sent username
2024-07-07 19:24:25,899 - TestXperbotlogin - INFO - Test Started
2024-07-07 19:24:25,899 - TestXperbotlogin - INFO - Sent Driver
2024-07-07 19:24:25,920 - Xpertbbotlogin - INFO - Location email
2024-07-07 19:24:27,556 - Xpertbbotlogin - INFO - Sent username
2024-07-07 19:24:30,679 - TestXperbotlogin - INFO - Test Started
2024-07-07 19:24:30,683 - TestXperbotlogin - INFO - Sent Driver
2024-07-07 19:24:30,700 - Xpertbbotlogin - INFO - Location email
2024-07-07 19:24:30,700 - Xpertbbotlogin - INFO - Location email
2024-07-07 19:24:30,850 - TestXperbotlogin - INFO - Test Started
2024-07-07 19:24:30,850 - TestXperbotlogin - INFO - Sent Driver
2024-07-07 19:24:30,875 - Xpertbbotlogin - INFO - Location email
2024-07-07 19:24:30,875 - Xpertbbotlogin - INFO - Location email
2024-07-07 19:24:30,875 - Xpertbbotlogin - INFO - Location email
2024-07-07 19:30:32,647 - TestXperbotlogin - INFO - Test Started
2024-07-07 19:30:32,648 - TestXperbotlogin - INFO - Sent Driver
2024-07-07 19:30:32,844 - Xpertbbotlogin - INFO - Location email
2024-07-07 19:30:33,975 - TestXperbotlogin - INFO - Test Started
2024-07-07 19:30:33,976 - TestXperbotlogin - INFO - Sent Driver
2024-07-07 19:30:34,077 - Xpertbbotlogin - INFO - Location email
2024-07-07 19:30:34,078 - TestXperbotlogin - INFO - Test Started
2024-07-07 19:30:34,079 - TestXperbotlogin - INFO - Sent Driver
2024-07-07 19:30:34,158 - Xpertbbotlogin - INFO - Location email
2024-07-07 19:30:34,859 - Xpertbbotlogin - INFO - Sent username
2024-07-07 19:30:35,125 - Xpertbbotlogin - INFO - Sent username
2024-07-07 19:30:36,030 - Xpertbbotlogin - INFO - Sent username
2024-07-07 19:30:59,419 - TestXperbotlogin - INFO - Sent Data
