2025-01-12 01:14:40,601 - TestXperbotlogin - INFO - Test Started
2025-01-12 01:14:40,601 - TestXperbotlogin - INFO - Sent Driver
2025-01-12 01:14:40,625 - Xpertbbotlogin - INFO - Location email
2025-01-12 01:14:41,847 - Xpertbbotlogin - INFO - Sent username
2025-01-12 01:14:55,790 - TestXperbotlogin - INFO - Sent Data
2025-01-12 01:14:55,817 - TestXperbotlogin - INFO - Test Started
2025-01-12 01:14:55,817 - TestXperbotlogin - INFO - Sent Driver
2025-01-12 01:14:55,834 - Xpertbbotlogin - INFO - Location email
2025-01-12 01:14:55,834 - Xpertbbotlogin - INFO - Location email
2025-01-12 01:14:56,459 - Xpertbbotlogin - INFO - Sent username
2025-01-12 01:14:56,459 - Xpertbbotlogin - INFO - Sent username
2025-01-12 01:15:45,616 - TestXperbotlogin - INFO - Test Started
2025-01-12 01:15:45,617 - TestXperbotlogin - INFO - Sent Driver
2025-01-12 01:15:45,627 - Xpertbbotlogin - INFO - Location email
2025-01-12 01:15:46,784 - Xpertbbotlogin - INFO - Sent username
2025-01-12 01:16:00,607 - TestXperbotlogin - INFO - Sent Data
2025-01-12 01:16:00,618 - TestXperbotlogin - INFO - Test Started
2025-01-12 01:16:00,618 - TestXperbotlogin - INFO - Sent Driver
2025-01-12 01:16:00,629 - Xpertbbotlogin - INFO - Location email
2025-01-12 01:16:00,629 - Xpertbbotlogin - INFO - Location email
2025-01-12 01:16:01,123 - Xpertbbotlogin - INFO - Sent username
2025-01-12 01:16:01,123 - Xpertbbotlogin - INFO - Sent username
2025-01-12 01:20:13,358 - TestXperbotlogin - INFO - Test Started
2025-01-12 01:20:13,360 - TestXperbotlogin - INFO - Sent Driver
2025-01-12 01:20:13,372 - Xpertbbotlogin - INFO - Location email
2025-01-12 01:20:14,601 - Xpertbbotlogin - INFO - Sent username
2025-01-12 01:20:29,147 - TestXperbotlogin - INFO - Sent Data
2025-01-12 01:21:55,655 - TestXperbotlogin - INFO - Test Started
2025-01-12 01:21:55,656 - TestXperbotlogin - INFO - Sent Driver
2025-01-12 01:21:55,670 - Xpertbbotlogin - INFO - Location email
2025-01-12 01:21:57,086 - Xpertbbotlogin - INFO - Sent username
2025-01-12 01:22:21,862 - TestXperbotlogin - INFO - Sent Data
2025-01-12 01:22:21,882 - TestXperbotlogin - INFO - Test Started
2025-01-12 01:22:21,882 - TestXperbotlogin - INFO - Sent Driver
2025-01-12 01:22:21,899 - Xpertbbotlogin - INFO - Location email
2025-01-12 01:22:21,899 - Xpertbbotlogin - INFO - Location email
2025-01-12 01:22:22,464 - Xpertbbotlogin - INFO - Sent username
2025-01-12 01:22:22,464 - Xpertbbotlogin - INFO - Sent username
2025-01-12 01:22:27,187 - TestXperbotlogin - INFO - Test Started
2025-01-12 01:22:27,188 - TestXperbotlogin - INFO - Sent Driver
2025-01-12 01:22:27,203 - Xpertbbotlogin - INFO - Location email
2025-01-12 01:22:27,203 - Xpertbbotlogin - INFO - Location email
2025-01-12 01:22:27,203 - Xpertbbotlogin - INFO - Location email
2025-01-12 01:22:28,121 - Xpertbbotlogin - INFO - Sent username
2025-01-12 01:22:28,121 - Xpertbbotlogin - INFO - Sent username
2025-01-12 01:22:28,121 - Xpertbbotlogin - INFO - Sent username
2025-01-12 02:01:11,876 - TestXperbotlogin - INFO - Test Started
2025-01-12 02:01:11,877 - TestXperbotlogin - INFO - Sent Driver
2025-01-12 02:01:11,886 - Xpertbbotlogin - INFO - Location email
2025-01-12 02:01:13,082 - Xpertbbotlogin - INFO - Sent username
2025-01-12 02:01:27,330 - TestXperbotlogin - INFO - Sent Data
2025-01-12 02:01:27,348 - TestXperbotlogin - INFO - Test Started
2025-01-12 02:01:27,349 - TestXperbotlogin - INFO - Sent Driver
2025-01-12 02:01:27,359 - Xpertbbotlogin - INFO - Location email
2025-01-12 02:01:27,359 - Xpertbbotlogin - INFO - Location email
2025-01-12 02:01:27,876 - Xpertbbotlogin - INFO - Sent username
2025-01-12 02:01:27,876 - Xpertbbotlogin - INFO - Sent username
2025-01-12 02:01:32,187 - TestXperbotlogin - INFO - Test Started
2025-01-12 02:01:32,187 - TestXperbotlogin - INFO - Sent Driver
2025-01-12 02:01:32,207 - Xpertbbotlogin - INFO - Location email
2025-01-12 02:01:32,207 - Xpertbbotlogin - INFO - Location email
2025-01-12 02:01:32,207 - Xpertbbotlogin - INFO - Location email
2025-01-12 02:01:32,930 - Xpertbbotlogin - INFO - Sent username
2025-01-12 02:01:32,930 - Xpertbbotlogin - INFO - Sent username
2025-01-12 02:01:32,930 - Xpertbbotlogin - INFO - Sent username
2025-01-12 12:18:16,516 - TestXperbotlogin - INFO - Test Started
2025-01-12 12:18:16,517 - TestXperbotlogin - INFO - Sent Driver
2025-01-12 12:18:16,535 - Xpertbbotlogin - INFO - Location email
2025-01-12 12:18:19,406 - Xpertbbotlogin - INFO - Sent username
2025-01-12 12:18:38,475 - TestXperbotlogin - INFO - Sent Data
2025-01-12 12:18:38,507 - TestXperbotlogin - INFO - Test Started
2025-01-12 12:18:38,509 - TestXperbotlogin - INFO - Sent Driver
2025-01-12 12:18:38,524 - Xpertbbotlogin - INFO - Location email
2025-01-12 12:18:38,524 - Xpertbbotlogin - INFO - Location email
2025-01-12 12:18:39,492 - Xpertbbotlogin - INFO - Sent username
2025-01-12 12:18:39,492 - Xpertbbotlogin - INFO - Sent username
2025-01-12 12:18:45,223 - TestXperbotlogin - INFO - Test Started
2025-01-12 12:18:45,224 - TestXperbotlogin - INFO - Sent Driver
2025-01-12 12:18:45,256 - Xpertbbotlogin - INFO - Location email
2025-01-12 12:18:45,256 - Xpertbbotlogin - INFO - Location email
2025-01-12 12:18:45,256 - Xpertbbotlogin - INFO - Location email
2025-01-12 12:18:46,573 - Xpertbbotlogin - INFO - Sent username
2025-01-12 12:18:46,573 - Xpertbbotlogin - INFO - Sent username
2025-01-12 12:18:46,573 - Xpertbbotlogin - INFO - Sent username
2025-01-12 12:25:06,877 - TestXperbotlogin - INFO - Test Started
2025-01-12 12:25:06,879 - TestXperbotlogin - INFO - Sent Driver
2025-01-12 12:25:07,005 - Xpertbbotlogin - INFO - Location email
2025-01-12 12:31:28,524 - TestXperbotlogin - INFO - Test Started
2025-01-12 12:31:28,524 - TestXperbotlogin - INFO - Sent Driver
2025-01-12 12:31:28,537 - Xpertbbotlogin - INFO - Location email
2025-01-12 12:31:30,609 - Xpertbbotlogin - INFO - Sent username
2025-01-12 12:34:56,965 - TestXperbotlogin - INFO - Test Started
2025-01-12 12:34:56,970 - TestXperbotlogin - INFO - Sent Driver
2025-01-12 12:34:57,027 - Xpertbbotlogin - INFO - Location email
2025-01-12 12:34:58,087 - TestXperbotlogin - INFO - Test Started
2025-01-12 12:34:58,091 - TestXperbotlogin - INFO - Sent Driver
2025-01-12 12:34:58,134 - TestXperbotlogin - INFO - Test Started
2025-01-12 12:34:58,135 - TestXperbotlogin - INFO - Sent Driver
2025-01-12 12:34:58,158 - Xpertbbotlogin - INFO - Location email
2025-01-12 12:34:58,310 - Xpertbbotlogin - INFO - Location email
2025-01-12 12:35:01,881 - Xpertbbotlogin - INFO - Sent username
2025-01-12 12:35:02,239 - Xpertbbotlogin - INFO - Sent username
2025-01-12 12:35:02,269 - Xpertbbotlogin - INFO - Sent username
2025-01-12 12:35:37,971 - TestXperbotlogin - INFO - Sent Data
